DlangUI log file
2019-09-07 22:31:12.085 I  Log level changed to Trace
2019-09-07 22:31:12.085 I  Logger is initialized
2019-09-07 22:31:12.085 D  myWinMain()
2019-09-07 22:31:12.085 I  Current executable: D:\D\Dorpion\bin\
2019-09-07 22:31:12.085 I  Command line: 
2019-09-07 22:31:12.085 I  Command line params: ["D:\\D\\Dorpion\\bin\\Dorpion.exe"]
2019-09-07 22:31:12.085 V  Creating platform
2019-09-07 22:31:12.085 V  Registering window class
2019-09-07 22:31:12.086 V  Initializing font manager
2019-09-07 22:31:12.086 I  Creating Win32FontManager
2019-09-07 22:31:12.086 I  Win32FontManager.initialize()
2019-09-07 22:31:12.086 D  registerFont(SansSerif,Arial)
2019-09-07 22:31:12.086 D  registerFont(SansSerif,Arial Black)
2019-09-07 22:31:12.086 D  registerFont(SansSerif,Bahnschrift Light)
2019-09-07 22:31:12.086 D  registerFont(SansSerif,Bahnschrift SemiLight)
2019-09-07 22:31:12.086 D  registerFont(SansSerif,Bahnschrift)
2019-09-07 22:31:12.086 D  registerFont(SansSerif,Bahnschrift SemiBold)
2019-09-07 22:31:12.086 D  registerFont(SansSerif,Bahnschrift Light SemiCondensed)
2019-09-07 22:31:12.086 D  registerFont(SansSerif,Bahnschrift SemiLight SemiConde)
2019-09-07 22:31:12.086 D  registerFont(SansSerif,Bahnschrift SemiCondensed)
2019-09-07 22:31:12.086 D  registerFont(SansSerif,Bahnschrift SemiBold SemiConden)
2019-09-07 22:31:12.086 D  registerFont(SansSerif,Bahnschrift Light Condensed)
2019-09-07 22:31:12.086 D  registerFont(SansSerif,Bahnschrift SemiLight Condensed)
2019-09-07 22:31:12.086 D  registerFont(SansSerif,Bahnschrift Condensed)
2019-09-07 22:31:12.086 D  registerFont(SansSerif,Bahnschrift SemiBold Condensed)
2019-09-07 22:31:12.086 D  registerFont(SansSerif,Calibri)
2019-09-07 22:31:12.086 D  registerFont(SansSerif,Calibri Light)
2019-09-07 22:31:12.086 D  registerFont(Serif,Cambria)
2019-09-07 22:31:12.086 D  registerFont(Serif,Cambria Math)
2019-09-07 22:31:12.086 D  registerFont(SansSerif,Candara)
2019-09-07 22:31:12.086 D  registerFont(SansSerif,Candara Light)
2019-09-07 22:31:12.086 D  registerFont(Cursive,Comic Sans MS)
2019-09-07 22:31:12.086 D  registerFont(MonoSpace,Consolas)
2019-09-07 22:31:12.086 D  registerFont(Serif,Constantia)
2019-09-07 22:31:12.086 D  registerFont(SansSerif,Corbel)
2019-09-07 22:31:12.087 D  registerFont(SansSerif,Corbel Light)
2019-09-07 22:31:12.087 D  registerFont(MonoSpace,Courier New)
2019-09-07 22:31:12.087 D  registerFont(SansSerif,Ebrima)
2019-09-07 22:31:12.087 D  registerFont(SansSerif,Franklin Gothic Medium)
2019-09-07 22:31:12.087 D  registerFont(Fantasy,Gabriola)
2019-09-07 22:31:12.087 D  registerFont(SansSerif,Gadugi)
2019-09-07 22:31:12.087 D  registerFont(Serif,Georgia)
2019-09-07 22:31:12.087 D  registerFont(SansSerif,Impact)
2019-09-07 22:31:12.087 D  registerFont(Cursive,Ink Free)
2019-09-07 22:31:12.087 D  registerFont(SansSerif,Javanese Text)
2019-09-07 22:31:12.087 D  registerFont(SansSerif,Leelawadee UI)
2019-09-07 22:31:12.087 D  registerFont(SansSerif,Leelawadee UI Semilight)
2019-09-07 22:31:12.087 D  registerFont(MonoSpace,Lucida Console)
2019-09-07 22:31:12.087 D  registerFont(SansSerif,Lucida Sans Unicode)
2019-09-07 22:31:12.087 D  registerFont(SansSerif,Malgun Gothic)
2019-09-07 22:31:12.087 D  registerFont(SansSerif,Malgun Gothic Semilight)
2019-09-07 22:31:12.087 D  registerFont(SansSerif,Microsoft Himalaya)
2019-09-07 22:31:12.087 D  registerFont(SansSerif,Microsoft JhengHei)
2019-09-07 22:31:12.087 D  registerFont(SansSerif,Microsoft JhengHei UI)
2019-09-07 22:31:12.087 D  registerFont(SansSerif,Microsoft JhengHei Light)
2019-09-07 22:31:12.087 D  registerFont(SansSerif,Microsoft JhengHei UI Light)
2019-09-07 22:31:12.087 D  registerFont(SansSerif,Microsoft New Tai Lue)
2019-09-07 22:31:12.087 D  registerFont(SansSerif,Microsoft PhagsPa)
2019-09-07 22:31:12.087 D  registerFont(SansSerif,Microsoft Sans Serif)
2019-09-07 22:31:12.087 D  registerFont(SansSerif,Microsoft Tai Le)
2019-09-07 22:31:12.087 D  registerFont(SansSerif,Microsoft YaHei)
2019-09-07 22:31:12.087 D  registerFont(SansSerif,Microsoft YaHei UI)
2019-09-07 22:31:12.087 D  registerFont(SansSerif,Microsoft YaHei Light)
2019-09-07 22:31:12.087 D  registerFont(SansSerif,Microsoft YaHei UI Light)
2019-09-07 22:31:12.087 D  registerFont(Cursive,Microsoft Yi Baiti)
2019-09-07 22:31:12.087 D  registerFont(Serif,MingLiU-ExtB)
2019-09-07 22:31:12.087 D  registerFont(Serif,PMingLiU-ExtB)
2019-09-07 22:31:12.087 D  registerFont(Serif,MingLiU_HKSCS-ExtB)
2019-09-07 22:31:12.087 D  registerFont(Cursive,Mongolian Baiti)
2019-09-07 22:31:12.087 D  registerFont(MonoSpace,MS Gothic)
2019-09-07 22:31:12.087 D  registerFont(SansSerif,MS UI Gothic)
2019-09-07 22:31:12.087 D  registerFont(SansSerif,MS PGothic)
2019-09-07 22:31:12.087 D  registerFont(SansSerif,MV Boli)
2019-09-07 22:31:12.087 D  registerFont(SansSerif,Myanmar Text)
2019-09-07 22:31:12.087 D  registerFont(SansSerif,Nirmala UI)
2019-09-07 22:31:12.088 D  registerFont(SansSerif,Nirmala UI Semilight)
2019-09-07 22:31:12.088 D  registerFont(Serif,Palatino Linotype)
2019-09-07 22:31:12.088 D  registerFont(Serif,Segoe MDL2 Assets)
2019-09-07 22:31:12.088 D  registerFont(SansSerif,Segoe Print)
2019-09-07 22:31:12.088 D  registerFont(Cursive,Segoe Script)
2019-09-07 22:31:12.088 D  registerFont(SansSerif,Segoe UI)
2019-09-07 22:31:12.088 D  registerFont(SansSerif,Segoe UI Black)
2019-09-07 22:31:12.088 D  registerFont(SansSerif,Segoe UI Emoji)
2019-09-07 22:31:12.088 D  registerFont(SansSerif,Segoe UI Historic)
2019-09-07 22:31:12.088 D  registerFont(SansSerif,Segoe UI Light)
2019-09-07 22:31:12.088 D  registerFont(SansSerif,Segoe UI Semibold)
2019-09-07 22:31:12.088 D  registerFont(SansSerif,Segoe UI Semilight)
2019-09-07 22:31:12.088 D  registerFont(SansSerif,Segoe UI Symbol)
2019-09-07 22:31:12.088 D  registerFont(SansSerif,SimSun)
2019-09-07 22:31:12.088 D  registerFont(MonoSpace,NSimSun)
2019-09-07 22:31:12.088 D  registerFont(MonoSpace,SimSun-ExtB)
2019-09-07 22:31:12.088 D  registerFont(SansSerif,Sitka Small)
2019-09-07 22:31:12.088 D  registerFont(SansSerif,Sitka Text)
2019-09-07 22:31:12.088 D  registerFont(SansSerif,Sitka Subheading)
2019-09-07 22:31:12.088 D  registerFont(SansSerif,Sitka Heading)
2019-09-07 22:31:12.088 D  registerFont(SansSerif,Sitka Display)
2019-09-07 22:31:12.088 D  registerFont(SansSerif,Sitka Banner)
2019-09-07 22:31:12.088 D  registerFont(Serif,Sylfaen)
2019-09-07 22:31:12.088 D  registerFont(SansSerif,Tahoma)
2019-09-07 22:31:12.088 D  registerFont(Serif,Times New Roman)
2019-09-07 22:31:12.088 D  registerFont(SansSerif,Trebuchet MS)
2019-09-07 22:31:12.088 D  registerFont(SansSerif,Verdana)
2019-09-07 22:31:12.088 D  registerFont(SansSerif,Yu Gothic)
2019-09-07 22:31:12.088 D  registerFont(SansSerif,Yu Gothic UI)
2019-09-07 22:31:12.088 D  registerFont(SansSerif,Yu Gothic UI Semibold)
2019-09-07 22:31:12.088 D  registerFont(SansSerif,Yu Gothic Light)
2019-09-07 22:31:12.089 D  registerFont(SansSerif,Yu Gothic UI Light)
2019-09-07 22:31:12.089 D  registerFont(SansSerif,Yu Gothic Medium)
2019-09-07 22:31:12.089 D  registerFont(SansSerif,Yu Gothic UI Semilight)
2019-09-07 22:31:12.089 D  registerFont(Serif,HoloLens MDL2 Assets)
2019-09-07 22:31:12.089 D  registerFont(SansSerif,EmojiOne Color)
2019-09-07 22:31:12.089 D  registerFont(SansSerif,Carlito)
2019-09-07 22:31:12.089 D  registerFont(SansSerif,Source Sans Pro Black)
2019-09-07 22:31:12.089 D  registerFont(SansSerif,OpenSymbol)
2019-09-07 22:31:12.089 D  registerFont(SansSerif,Amiri)
2019-09-07 22:31:12.089 D  registerFont(SansSerif,Gentium Basic)
2019-09-07 22:31:12.089 D  registerFont(Serif,Caladea)
2019-09-07 22:31:12.089 D  registerFont(SansSerif,Liberation Sans Narrow)
2019-09-07 22:31:12.089 D  registerFont(MonoSpace,Source Code Pro Black)
2019-09-07 22:31:12.089 D  registerFont(SansSerif,Linux Biolinum G)
2019-09-07 22:31:12.089 D  registerFont(MonoSpace,Liberation Mono)
2019-09-07 22:31:12.089 D  registerFont(SansSerif,Scheherazade)
2019-09-07 22:31:12.089 D  registerFont(SansSerif,Alef)
2019-09-07 22:31:12.089 D  registerFont(SansSerif,DejaVu Math TeX Gyre)
2019-09-07 22:31:12.089 D  registerFont(SansSerif,David Libre)
2019-09-07 22:31:12.089 D  registerFont(Serif,Source Serif Pro Black)
2019-09-07 22:31:12.089 D  registerFont(SansSerif,Noto Kufi Arabic)
2019-09-07 22:31:12.089 D  registerFont(SansSerif,DejaVu Sans)
2019-09-07 22:31:12.089 D  registerFont(SansSerif,DejaVu Sans Light)
2019-09-07 22:31:12.089 D  registerFont(SansSerif,DejaVu Sans Condensed)
2019-09-07 22:31:12.089 D  registerFont(MonoSpace,DejaVu Sans Mono)
2019-09-07 22:31:12.089 D  registerFont(Serif,DejaVu Serif)
2019-09-07 22:31:12.089 D  registerFont(Serif,DejaVu Serif Condensed)
2019-09-07 22:31:12.089 D  registerFont(SansSerif,Gentium Book Basic)
2019-09-07 22:31:12.089 D  registerFont(SansSerif,Liberation Sans)
2019-09-07 22:31:12.089 D  registerFont(Serif,Liberation Serif)
2019-09-07 22:31:12.089 D  registerFont(SansSerif,Linux Libertine Display G)
2019-09-07 22:31:12.089 D  registerFont(SansSerif,Linux Libertine G)
2019-09-07 22:31:12.089 D  registerFont(SansSerif,Rubik)
2019-09-07 22:31:12.089 D  registerFont(MonoSpace,Noto Mono)
2019-09-07 22:31:12.089 D  registerFont(SansSerif,Noto Naskh Arabic)
2019-09-07 22:31:12.089 D  registerFont(SansSerif,Noto Naskh Arabic UI)
2019-09-07 22:31:12.089 D  registerFont(SansSerif,Noto Sans Georgian)
2019-09-07 22:31:12.089 D  registerFont(SansSerif,Noto Sans Lao)
2019-09-07 22:31:12.089 D  registerFont(SansSerif,Noto Sans Lisu)
2019-09-07 22:31:12.089 D  registerFont(Serif,Noto Serif Georgian)
2019-09-07 22:31:12.089 D  registerFont(Serif,Noto Serif Lao)
2019-09-07 22:31:12.089 D  registerFont(MonoSpace,Source Code Pro)
2019-09-07 22:31:12.089 D  registerFont(MonoSpace,Source Code Pro ExtraLight)
2019-09-07 22:31:12.090 D  registerFont(MonoSpace,Source Code Pro Light)
2019-09-07 22:31:12.090 D  registerFont(MonoSpace,Source Code Pro Medium)
2019-09-07 22:31:12.090 D  registerFont(MonoSpace,Source Code Pro Semibold)
2019-09-07 22:31:12.090 D  registerFont(SansSerif,Source Sans Pro)
2019-09-07 22:31:12.090 D  registerFont(SansSerif,Source Sans Pro ExtraLight)
2019-09-07 22:31:12.090 D  registerFont(SansSerif,Source Sans Pro Light)
2019-09-07 22:31:12.090 D  registerFont(SansSerif,Source Sans Pro Semibold)
2019-09-07 22:31:12.090 D  registerFont(Serif,Source Serif Pro)
2019-09-07 22:31:12.090 D  registerFont(Serif,Source Serif Pro ExtraLight)
2019-09-07 22:31:12.090 D  registerFont(Serif,Source Serif Pro Light)
2019-09-07 22:31:12.090 D  registerFont(Serif,Source Serif Pro Semibold)
2019-09-07 22:31:12.090 I  Found 149 font faces
2019-09-07 22:31:12.090 D  initResourceManagers()
2019-09-07 22:31:12.090 I  Creating ImageCache
2019-09-07 22:31:12.090 I  Creating DrawableCache
2019-09-07 22:31:12.091 D  Calling initSharedResourceManagers()
2019-09-07 22:31:12.091 D  Calling initStandardEditorActions()
2019-09-07 22:31:12.091 D  Calling registerStandardWidgets()
2019-09-07 22:31:12.091 D  Registering standard widgets for DML
2019-09-07 22:31:12.091 D  initResourceManagers() -- finished
2019-09-07 22:31:12.091 D  Creating default theme
2019-09-07 22:31:12.091 D  Loading Derelict GL
2019-09-07 22:31:12.091 D  Derelict GL - loaded
2019-09-07 22:31:12.091 I  Entering UIAppMain: ["D:\\D\\Dorpion\\bin\\Dorpion.exe"]
2019-09-07 22:31:12.091 D  Platform.createWindow is called
2019-09-07 22:31:12.091 V  Platform.createWindow : setDefaultLanguageAndThemeIfNecessary
2019-09-07 22:31:12.091 V  setDefaultLanguageAndThemeIfNecessary : setting UI language
2019-09-07 22:31:12.091 V  Loading language file
2019-09-07 22:31:12.091 D  Loading string resources from file @embedded@/std_en.ini
2019-09-07 22:31:12.091 D  Loading string resources from file @embedded@/en.ini
2019-09-07 22:31:12.091 V  Calling onThemeChanged
2019-09-07 22:31:12.091 D  DrawableCache.clear()
2019-09-07 22:31:12.091 V  setDefaultLanguageAndThemeIfNecessary : setting UI theme
2019-09-07 22:31:12.091 V  uiTheme setting new theme theme_default
2019-09-07 22:31:12.094 I  Applying loaded theme theme_default
2019-09-07 22:31:12.094 D  DrawableCache.clear()
2019-09-07 22:31:12.094 V  Platform.createWindow : new Win32Window
2019-09-07 22:31:12.095 D  Screen dimensions: Rect(0, 0, 1920, 1080)
2019-09-07 22:31:12.096 D  Window onCreate
2019-09-07 22:31:12.096 V  created window, adding to map
2019-09-07 22:31:12.373 V  Reloading DerelictGL3
2019-09-07 22:31:12.374 V  Reloading DerelictGL
2019-09-07 22:31:12.375 D  glSupport not initialized: trying to create
2019-09-07 22:31:12.375 V  Compiling solid fill program
2019-09-07 22:31:12.375 D  compileShader: glslVersion = 4.60 NVIDIA, type: GL_VERTEX_SHADER
2019-09-07 22:31:12.381 D  compileShader: glslVersion = 4.60 NVIDIA, type: GL_FRAGMENT_SHADER
2019-09-07 22:31:12.381 D  Program linked successfully
2019-09-07 22:31:12.381 V  Program is initialized successfully
2019-09-07 22:31:12.381 V  Compiling texture program
2019-09-07 22:31:12.382 D  compileShader: glslVersion = 4.60 NVIDIA, type: GL_VERTEX_SHADER
2019-09-07 22:31:12.382 D  compileShader: glslVersion = 4.60 NVIDIA, type: GL_FRAGMENT_SHADER
2019-09-07 22:31:12.382 D  Program linked successfully
2019-09-07 22:31:12.382 V  Program is initialized successfully
2019-09-07 22:31:12.382 D  Shaders compiled successfully
2019-09-07 22:31:12.382 V  OpenGL is initialized ok
2019-09-07 22:31:12.382 D  Loading image from file @embedded@/dlangui-logo1.png
2019-09-07 22:31:12.383 D  Loading image from file @embedded@/grid.png
2019-09-07 22:31:12.384 D  Loading image from file @embedded@/btn_pressed.9.png
2019-09-07 22:31:12.384 D  Loading image from file @embedded@/btn_default.9.png
2019-09-07 22:31:12.384 D  Loading image from file @embedded@/btn_normal.9.png
2019-09-07 22:31:12.384 D  Loading image from file @embedded@/btn_hover.9.png
2019-09-07 22:31:12.384 D  Loading image from file @embedded@/btn_disabled.9.png
2019-09-07 22:31:12.385 D  loaded .xml drawable from @embedded@/btn_background.xml
2019-09-07 22:31:12.395 D  onResize 184x201
2019-09-07 22:31:12.395 D  resize: measure took 0 ms
2019-09-07 22:31:12.395 D  resize: layout took 0 ms
2019-09-07 22:31:12.395 D  Platform.createWindow is called
2019-09-07 22:31:12.395 V  Platform.createWindow : setDefaultLanguageAndThemeIfNecessary
2019-09-07 22:31:12.395 V  Platform.createWindow : new Win32Window
2019-09-07 22:31:12.395 D  Screen dimensions: Rect(0, 0, 1920, 1080)
2019-09-07 22:31:12.396 D  Window onCreate
2019-09-07 22:31:12.396 V  created window, adding to map
2019-09-07 22:31:12.402 I  OpenGL context already exists. Setting pixel format.
2019-09-07 22:31:12.405 W  resource  is not found
2019-09-07 22:31:12.405 E  Trying to set null icon for window
2019-09-07 22:31:12.405 D  Loading image from file @embedded@/editbox_background_disabled_focus.9.png
2019-09-07 22:31:12.406 D  Loading image from file @embedded@/editbox_background_focus.9.png
2019-09-07 22:31:12.406 D  Loading image from file @embedded@/editbox_background_disabled.9.png
2019-09-07 22:31:12.406 D  Loading image from file @embedded@/editbox_background_normal.9.png
2019-09-07 22:31:12.406 D  loaded .xml drawable from @embedded@/editbox_background.xml
2019-09-07 22:31:12.406 D  Loading image from file @embedded@/scrollbar_btn_left.png
2019-09-07 22:31:12.406 D  Loading image from file @embedded@/scrollbar_btn_background_pressed.9.png
2019-09-07 22:31:12.406 D  Loading image from file @embedded@/scrollbar_btn_background_normal.9.png
2019-09-07 22:31:12.406 D  Loading image from file @embedded@/scrollbar_btn_background_hover.9.png
2019-09-07 22:31:12.406 D  loaded .xml drawable from @embedded@/scrollbar_btn_transparent_background.xml
2019-09-07 22:31:12.406 D  Loading image from file @embedded@/scrollbar_btn_right.png
2019-09-07 22:31:12.406 D  Loading image from file @embedded@/scrollbar_indicator_horizontal.png
2019-09-07 22:31:12.407 D  Loading image from file @embedded@/scrollbar_btn_background_disabled.9.png
2019-09-07 22:31:12.407 D  loaded .xml drawable from @embedded@/scrollbar_btn_background.xml
2019-09-07 22:31:12.407 D  Loading image from file @embedded@/scrollbar_btn_up.png
2019-09-07 22:31:12.407 D  Loading image from file @embedded@/scrollbar_btn_down.png
2019-09-07 22:31:12.407 D  Loading image from file @embedded@/scrollbar_indicator_vertical.png
2019-09-07 22:31:12.413 D  onResize 317x361
2019-09-07 22:31:12.413 D  resize: measure took 0 ms
2019-09-07 22:31:12.413 D  resize: layout took 0 ms
2019-09-07 22:31:12.415 V  created image cache page 1024x1024
2019-09-07 22:31:12.418 V  created glyph cache page 1024x1024
2019-09-07 22:31:12.425 D  updateTexture - new texture id=1
2019-09-07 22:31:12.425 D  updateTexture for cache page - setting image 1024x1024 tx=1
2019-09-07 22:31:12.427 D  updateTexture - new texture id=2
2019-09-07 22:31:12.427 D  updateTexture for cache page - setting image 1024x1024 tx=2
2019-09-07 22:31:16.132 D  updateTexture for cache page - setting image 1024x1024 tx=1
2019-09-07 22:31:16.895 D  updateTexture for cache page - setting image 1024x1024 tx=1
2019-09-07 22:31:17.083 D  updateTexture for cache page - setting image 1024x1024 tx=2
2019-09-07 22:31:17.199 D  updateTexture for cache page - setting image 1024x1024 tx=2
2019-09-07 22:31:17.216 D  updateTexture for cache page - setting image 1024x1024 tx=2
2019-09-07 22:31:19.461 D  WM_CLOSE: closing window 
2019-09-07 22:31:19.465 D  Window onDestroy
2019-09-07 22:31:19.465 V  destroyed window, removing from map
2019-09-07 22:31:19.465 E  Cannot find window in map by HWND
2019-09-07 22:31:19.465 D  Window destructor
2019-09-07 22:31:19.466 D  Destroying window
2019-09-07 22:31:20.815 D  updateTexture for cache page - setting image 1024x1024 tx=1
2019-09-07 22:31:21.965 D  WM_CLOSE: closing window 
2019-09-07 22:31:21.971 D  Window onDestroy
2019-09-07 22:31:21.971 V  destroyed window, removing from map
2019-09-07 22:31:21.973 E  Cannot find window in map by HWND
2019-09-07 22:31:21.974 D  Window destructor
2019-09-07 22:31:21.974 D  Destroying window
2019-09-07 22:31:21.974 I  UIAppMain returned 0
2019-09-07 22:31:21.974 I  Destroying DrawableCache
2019-09-07 22:31:21.974 I  Destroying ImageCache
2019-09-07 22:31:21.974 I  Destroying Win32FontManager
2019-09-07 22:31:21.974 D  Destroying font manager
2019-09-07 22:31:21.976 D  Exiting main
2019-09-07 22:31:21.976 D  Calling GC.collect
